<?xml version="1.0" encoding="UTF-8"?>
<robot generator="Robot 6.0.1 (Python 3.10.5 on win32)" generated="20221224 01:19:26.891" rpa="false" schemaversion="3">
<suite id="s1" name="Robot Process List Testing" source="C:\Users\Shw\Documents\GitHub\Rat_FinalProject_Repo\RobotTesting\Robot_Process_List_Testing.robot">
<test id="s1-t1" name="Test process list service" line="11">
<kw name="Start Process python process list service ${HOST} ${PORT}" sourcename="${process_list}">
<var>${server}</var>
<msg timestamp="20221224 01:19:26.913" level="FAIL">User keyword 'Start Process python process list service ${HOST} ${PORT}' contains no keywords.</msg>
<status status="FAIL" starttime="20221224 01:19:26.913" endtime="20221224 01:19:26.913"/>
</kw>
<kw name="Sleep 2s" sourcename="${process_list}">
<status status="NOT RUN" starttime="20221224 01:19:26.913" endtime="20221224 01:19:26.913"/>
</kw>
<kw name="Open Connection ${HOST} ${PORT}" sourcename="${process_list}">
<status status="NOT RUN" starttime="20221224 01:19:26.914" endtime="20221224 01:19:26.914"/>
</kw>
<kw name="Write To Connection processes" sourcename="${process_list}">
<status status="NOT RUN" starttime="20221224 01:19:26.914" endtime="20221224 01:19:26.914"/>
</kw>
<kw name="Read Until EOL" sourcename="${process_list}">
<var>${response}</var>
<status status="NOT RUN" starttime="20221224 01:19:26.914" endtime="20221224 01:19:26.914"/>
</kw>
<kw name="Should Be Equal ${response} expected response" sourcename="${process_list}">
<status status="NOT RUN" starttime="20221224 01:19:26.914" endtime="20221224 01:19:26.914"/>
</kw>
<kw name="Close Connection" sourcename="${process_list}">
<status status="NOT RUN" starttime="20221224 01:19:26.914" endtime="20221224 01:19:26.914"/>
</kw>
<kw name="Terminate Process ${server}" sourcename="${process_list}">
<status status="NOT RUN" starttime="20221224 01:19:26.914" endtime="20221224 01:19:26.914"/>
</kw>
<status status="FAIL" starttime="20221224 01:19:26.912" endtime="20221224 01:19:26.914">User keyword 'Start Process python process list service ${HOST} ${PORT}' contains no keywords.</status>
</test>
<status status="FAIL" starttime="20221224 01:19:26.892" endtime="20221224 01:19:26.915"/>
</suite>
<statistics>
<total>
<stat pass="0" fail="1" skip="0">All Tests</stat>
</total>
<tag>
</tag>
<suite>
<stat pass="0" fail="1" skip="0" id="s1" name="Robot Process List Testing">Robot Process List Testing</stat>
</suite>
</statistics>
<errors>
</errors>
</robot>
